Skipping: org.gnome.Sdk/x86_64/49 is already installed
Skipping: org.gnome.Platform/x86_64/49 is already installed
Building Development version...
Emptying app dir 'build-dir'
Downloading sources
Starting build of io.github.tobagin.Kuro.Devel
Cache miss, checking out last cache hit
========================================================================
Building module kuro in /home/tobagin/Projects/hitori/.flatpak-builder/build/kuro-29
========================================================================
The Meson build system
Version: 1.9.2
Source dir: /run/build/kuro
Build dir: /run/build/kuro/_flatpak_build
Build type: native build
Project name: kuro
Project version: 1.0.1
C compiler for the host machine: ccache cc (gcc 15.2.0 "cc (GCC) 15.2.0")
C linker for the host machine: cc ld.bfd 2.45.1
Host machine cpu family: x86_64
Host machine cpu: x86_64
Found pkg-config: YES (/usr/bin/pkg-config) 2.5.1
Run-time dependency glib-2.0 found: YES 2.86.3
Run-time dependency gio-2.0 found: YES 2.86.3
Run-time dependency gtk4 found: YES 4.20.3
Run-time dependency libadwaita-1 found: YES 1.8.3
Run-time dependency gmodule-2.0 found: YES 2.86.3
Run-time dependency cairo found: YES 1.18.4
Compiler for C supports arguments -fno-strict-aliasing: YES 
Compiler for C supports arguments -fstack-protector-strong: YES 
Compiler for C supports arguments -Waggregate-return: YES 
Compiler for C supports arguments -Wall: YES 
Compiler for C supports arguments -Wunused: YES 
Compiler for C supports arguments -Warray-bounds: YES 
Compiler for C supports arguments -Wcast-align: YES 
Compiler for C supports arguments -Wclobbered: YES 
Compiler for C supports arguments -Wno-declaration-after-statement: YES 
Compiler for C supports arguments -Wduplicated-branches: YES 
Compiler for C supports arguments -Wduplicated-cond: YES 
Compiler for C supports arguments -Wempty-body: YES 
Compiler for C supports arguments -Wformat=2: YES 
Compiler for C supports arguments -Wformat-nonliteral: YES 
Compiler for C supports arguments -Wformat-security: YES 
Compiler for C supports arguments -Wformat-signedness: YES 
Compiler for C supports arguments -Wignored-qualifiers: YES 
Compiler for C supports arguments -Wimplicit-function-declaration: YES 
Compiler for C supports arguments -Wincompatible-pointer-types: YES 
Compiler for C supports arguments -Wincompatible-pointer-types-discards-qualifiers: NO 
Compiler for C supports arguments -Winit-self: YES 
Compiler for C supports arguments -Wint-conversion: YES 
Compiler for C supports arguments -Wlogical-op: YES 
Compiler for C supports arguments -Wmisleading-indentation: YES 
Compiler for C supports arguments -Wmissing-declarations: YES 
Compiler for C supports arguments -Wmissing-format-attribute: YES 
Compiler for C supports arguments -Wmissing-include-dirs: YES 
Compiler for C supports arguments -Wmissing-noreturn: YES 
Compiler for C supports arguments -Wmissing-parameter-type: YES 
Compiler for C supports arguments -Wmissing-prototypes: YES 
Compiler for C supports arguments -Wnested-externs: YES 
Compiler for C supports arguments -Wno-error=cpp: YES 
Compiler for C supports arguments -Wno-discarded-qualifiers: YES 
Compiler for C supports arguments -Wno-missing-field-initializers: YES 
Compiler for C supports arguments -Wno-suggest-attribute=format: YES 
Compiler for C supports arguments -Wno-unused-parameter: YES 
Compiler for C supports arguments -Wnull-dereference: YES 
Compiler for C supports arguments -Wold-style-definition: YES 
Compiler for C supports arguments -Woverflow: YES 
Compiler for C supports arguments -Woverride-init: YES 
Compiler for C supports arguments -Wparentheses: YES 
Compiler for C supports arguments -Wpointer-arith: YES 
Compiler for C supports arguments -Wredundant-decls: YES 
Compiler for C supports arguments -Wreturn-type: YES 
Compiler for C supports arguments -Wshadow: YES 
Compiler for C supports arguments -Wsign-compare: YES 
Compiler for C supports arguments -Wstrict-aliasing=2: YES 
Compiler for C supports arguments -Wstrict-prototypes: YES 
Compiler for C supports arguments -Wswitch-default: YES 
Compiler for C supports arguments -Wswitch-enum: YES 
Compiler for C supports arguments -Wtype-limits: YES 
Compiler for C supports arguments -Wundef: YES 
Compiler for C supports arguments -Wuninitialized: YES 
Compiler for C supports arguments -Wunused-but-set-variable: YES 
Compiler for C supports arguments -Wunused-result: YES 
Compiler for C supports arguments -Wunused-variable: YES 
Compiler for C supports arguments -Wwrite-strings: YES 
../meson.build:100: WARNING: Consider using the built-in warning_level option instead of using "-Wall".
Configuring kuro.desktop.in.configured using configuration
Program msgfmt found: YES (/usr/bin/msgfmt)
Program desktop-file-validate found: YES (/usr/bin/desktop-file-validate)
Configuring kuro.metainfo.xml.in.configured using configuration
Program appstreamcli found: YES (/usr/bin/appstreamcli)
../data/meson.build:58: WARNING: Project targets '>= 0.48.0' but uses feature introduced in '0.58.0': str.replace.
../data/meson.build:60: WARNING: Project targets '>= 0.48.0' but uses feature introduced in '0.50.0': install arg in configure_file.
Configuring io.github.tobagin.Kuro.Devel.gschema.xml using configuration
Program blueprint-compiler found: YES (/usr/bin/blueprint-compiler)
Program gtk4-builder-tool found: YES (/usr/bin/gtk4-builder-tool)
Program itstool found: YES (/usr/bin/itstool)
Program msgmerge found: YES (/usr/bin/msgmerge)
Program msgfmt found: YES (/usr/bin/msgfmt)
Program msginit found: YES (/usr/bin/msginit)
Program msgmerge found: YES (/usr/bin/msgmerge)
Program xgettext found: YES (/usr/bin/xgettext)
Checking for function "atexit" : YES 
../src/meson.build:16: WARNING: Project targets '>= 0.48.0' but uses feature introduced in '0.58.0': str.replace.
Configuring kuro.gresource.xml using configuration
../src/meson.build:27: WARNING: Project targets '>= 0.48.0' but uses feature introduced in '0.56.0': meson.project_build_root.
Dependency gio-2.0 found: YES 2.86.3 (cached)
Program /usr/bin/glib-compile-resources found: YES (/usr/bin/glib-compile-resources)
Configuring config.h using configuration
Build targets in project: 132
WARNING: Project specifies a minimum meson_version '>= 0.48.0' but uses features which were added in newer versions:
 * 0.50.0: {'install arg in configure_file'}
 * 0.56.0: {'meson.project_build_root'}
 * 0.58.0: {'str.replace'}
NOTICE: Future-deprecated features used:
 * 0.56.0: {'meson.source_root'}

kuro 1.0.1

  User defined options
    libdir   : /app/lib
    prefix   : /app
    profile  : development
    wrap_mode: nodownload

Found ninja-1.13.2 at /usr/bin/ninja
[1/112] Generating yelp doc help/ca/help-kuro-ca-gmo
[2/112] Generating yelp doc help/de/help-kuro-de-gmo
[3/112] Generating yelp doc help/cs/help-kuro-cs-gmo
[4/112] Generating yelp doc help/pt_BR/help-kuro-pt_BR-gmo
[5/112] Generating yelp doc help/da/help-kuro-da-gmo
[6/112] Generating yelp doc help/fur/help-kuro-fur-gmo
[7/112] Generating yelp doc help/ro/help-kuro-ro-gmo
[8/112] Generating yelp doc help/fr/help-kuro-fr-gmo
[9/112] Generating yelp doc help/ko/help-kuro-ko-gmo
[10/112] Generating yelp doc help/sl/help-kuro-sl-gmo
[11/112] Generating yelp doc help/en_GB/help-kuro-en_GB-gmo
[12/112] Generating yelp doc help/pl/help-kuro-pl-gmo
[13/112] Generating yelp doc help/id/help-kuro-id-gmo
[14/112] Generating yelp doc help/hu/help-kuro-hu-gmo
[15/112] Generating yelp doc help/el/help-kuro-el-gmo
[16/112] Generating yelp doc help/es/help-kuro-es-gmo
[17/112] Generating yelp doc help/eu/help-kuro-eu-gmo
[18/112] Generating yelp doc help/sv/help-kuro-sv-gmo
[19/112] Generating yelp doc help/tr/help-kuro-tr-gmo
[20/112] Generating yelp doc help/ru/help-kuro-ru-gmo
[21/112] Generating yelp doc help/uk/help-kuro-uk-gmo
[22/112] Merging translations for data/io.github.tobagin.Kuro.Devel.metainfo.xml
FAILED: [code=1] data/io.github.tobagin.Kuro.Devel.metainfo.xml 
/usr/bin/meson --internal msgfmthelper --msgfmt=/usr/bin/msgfmt data/kuro.metainfo.xml.in.configured data/io.github.tobagin.Kuro.Devel.metainfo.xml xml /run/build/kuro/po
/usr/bin/msgfmt: cannot locate ITS rules for data/kuro.metainfo.xml.in.configured
[23/112] Generating yelp doc help/ko/help-kuro-ko
/usr/bin/itstool:223: SyntaxWarning: invalid escape sequence '\s'
  if re.sub('\s+', ' ', text).strip() != '':
/usr/bin/itstool:321: SyntaxWarning: invalid escape sequence '\s'
  message = re.sub('\s+', ' ', message).strip()
/usr/bin/itstool:459: SyntaxWarning: invalid escape sequence '\s'
  return re.sub('\s+', ' ', self.locnote).strip()
/usr/bin/itstool:461: SyntaxWarning: invalid escape sequence '\s'
  return '(itstool) link: ' + re.sub('\s+', ' ', self.locnoteref).strip()
/usr/bin/itstool:892: SyntaxWarning: invalid escape sequence '\<'
  regex = re.compile('(.*) \<(.*)\>, (.*)')
/usr/bin/itstool:927: SyntaxWarning: invalid escape sequence '\s'
  if re.sub('\s+', '', prevtext) == '':
/usr/bin/itstool:1471: SyntaxWarning: invalid escape sequence '\.'
  _locale_pattern = re.compile('([a-zA-Z0-9-]+)(_[A-Za-z0-9]+)?(@[A-Za-z0-9]+)?(\.[A-Za-z0-9]+)?')
[24/112] Generating yelp doc help/fur/help-kuro-fur
/usr/bin/itstool:223: SyntaxWarning: invalid escape sequence '\s'
  if re.sub('\s+', ' ', text).strip() != '':
/usr/bin/itstool:321: SyntaxWarning: invalid escape sequence '\s'
  message = re.sub('\s+', ' ', message).strip()
/usr/bin/itstool:459: SyntaxWarning: invalid escape sequence '\s'
  return re.sub('\s+', ' ', self.locnote).strip()
/usr/bin/itstool:461: SyntaxWarning: invalid escape sequence '\s'
  return '(itstool) link: ' + re.sub('\s+', ' ', self.locnoteref).strip()
/usr/bin/itstool:892: SyntaxWarning: invalid escape sequence '\<'
  regex = re.compile('(.*) \<(.*)\>, (.*)')
/usr/bin/itstool:927: SyntaxWarning: invalid escape sequence '\s'
  if re.sub('\s+', '', prevtext) == '':
/usr/bin/itstool:1471: SyntaxWarning: invalid escape sequence '\.'
  _locale_pattern = re.compile('([a-zA-Z0-9-]+)(_[A-Za-z0-9]+)?(@[A-Za-z0-9]+)?(\.[A-Za-z0-9]+)?')
[25/112] Generating yelp doc help/en_GB/help-kuro-en_GB
/usr/bin/itstool:223: SyntaxWarning: invalid escape sequence '\s'
  if re.sub('\s+', ' ', text).strip() != '':
/usr/bin/itstool:321: SyntaxWarning: invalid escape sequence '\s'
  message = re.sub('\s+', ' ', message).strip()
/usr/bin/itstool:459: SyntaxWarning: invalid escape sequence '\s'
  return re.sub('\s+', ' ', self.locnote).strip()
/usr/bin/itstool:461: SyntaxWarning: invalid escape sequence '\s'
  return '(itstool) link: ' + re.sub('\s+', ' ', self.locnoteref).strip()
/usr/bin/itstool:892: SyntaxWarning: invalid escape sequence '\<'
  regex = re.compile('(.*) \<(.*)\>, (.*)')
/usr/bin/itstool:927: SyntaxWarning: invalid escape sequence '\s'
  if re.sub('\s+', '', prevtext) == '':
/usr/bin/itstool:1471: SyntaxWarning: invalid escape sequence '\.'
  _locale_pattern = re.compile('([a-zA-Z0-9-]+)(_[A-Za-z0-9]+)?(@[A-Za-z0-9]+)?(\.[A-Za-z0-9]+)?')
[26/112] Generating yelp doc help/cs/help-kuro-cs
/usr/bin/itstool:223: SyntaxWarning: invalid escape sequence '\s'
  if re.sub('\s+', ' ', text).strip() != '':
/usr/bin/itstool:321: SyntaxWarning: invalid escape sequence '\s'
  message = re.sub('\s+', ' ', message).strip()
/usr/bin/itstool:459: SyntaxWarning: invalid escape sequence '\s'
  return re.sub('\s+', ' ', self.locnote).strip()
/usr/bin/itstool:461: SyntaxWarning: invalid escape sequence '\s'
  return '(itstool) link: ' + re.sub('\s+', ' ', self.locnoteref).strip()
/usr/bin/itstool:892: SyntaxWarning: invalid escape sequence '\<'
  regex = re.compile('(.*) \<(.*)\>, (.*)')
/usr/bin/itstool:927: SyntaxWarning: invalid escape sequence '\s'
  if re.sub('\s+', '', prevtext) == '':
/usr/bin/itstool:1471: SyntaxWarning: invalid escape sequence '\.'
  _locale_pattern = re.compile('([a-zA-Z0-9-]+)(_[A-Za-z0-9]+)?(@[A-Za-z0-9]+)?(\.[A-Za-z0-9]+)?')
[27/112] Generating yelp doc help/pl/help-kuro-pl
/usr/bin/itstool:223: SyntaxWarning: invalid escape sequence '\s'
  if re.sub('\s+', ' ', text).strip() != '':
/usr/bin/itstool:321: SyntaxWarning: invalid escape sequence '\s'
  message = re.sub('\s+', ' ', message).strip()
/usr/bin/itstool:459: SyntaxWarning: invalid escape sequence '\s'
  return re.sub('\s+', ' ', self.locnote).strip()
/usr/bin/itstool:461: SyntaxWarning: invalid escape sequence '\s'
  return '(itstool) link: ' + re.sub('\s+', ' ', self.locnoteref).strip()
/usr/bin/itstool:892: SyntaxWarning: invalid escape sequence '\<'
  regex = re.compile('(.*) \<(.*)\>, (.*)')
/usr/bin/itstool:927: SyntaxWarning: invalid escape sequence '\s'
  if re.sub('\s+', '', prevtext) == '':
/usr/bin/itstool:1471: SyntaxWarning: invalid escape sequence '\.'
  _locale_pattern = re.compile('([a-zA-Z0-9-]+)(_[A-Za-z0-9]+)?(@[A-Za-z0-9]+)?(\.[A-Za-z0-9]+)?')
[28/112] Generating yelp doc help/id/help-kuro-id
/usr/bin/itstool:223: SyntaxWarning: invalid escape sequence '\s'
  if re.sub('\s+', ' ', text).strip() != '':
/usr/bin/itstool:321: SyntaxWarning: invalid escape sequence '\s'
  message = re.sub('\s+', ' ', message).strip()
/usr/bin/itstool:459: SyntaxWarning: invalid escape sequence '\s'
  return re.sub('\s+', ' ', self.locnote).strip()
/usr/bin/itstool:461: SyntaxWarning: invalid escape sequence '\s'
  return '(itstool) link: ' + re.sub('\s+', ' ', self.locnoteref).strip()
/usr/bin/itstool:892: SyntaxWarning: invalid escape sequence '\<'
  regex = re.compile('(.*) \<(.*)\>, (.*)')
/usr/bin/itstool:927: SyntaxWarning: invalid escape sequence '\s'
  if re.sub('\s+', '', prevtext) == '':
/usr/bin/itstool:1471: SyntaxWarning: invalid escape sequence '\.'
  _locale_pattern = re.compile('([a-zA-Z0-9-]+)(_[A-Za-z0-9]+)?(@[A-Za-z0-9]+)?(\.[A-Za-z0-9]+)?')
[29/112] Merging translations for data/io.github.tobagin.Kuro.Devel.desktop
[30/112] Generating yelp doc help/ca/help-kuro-ca
/usr/bin/itstool:223: SyntaxWarning: invalid escape sequence '\s'
  if re.sub('\s+', ' ', text).strip() != '':
/usr/bin/itstool:321: SyntaxWarning: invalid escape sequence '\s'
  message = re.sub('\s+', ' ', message).strip()
/usr/bin/itstool:459: SyntaxWarning: invalid escape sequence '\s'
  return re.sub('\s+', ' ', self.locnote).strip()
/usr/bin/itstool:461: SyntaxWarning: invalid escape sequence '\s'
  return '(itstool) link: ' + re.sub('\s+', ' ', self.locnoteref).strip()
/usr/bin/itstool:892: SyntaxWarning: invalid escape sequence '\<'
  regex = re.compile('(.*) \<(.*)\>, (.*)')
/usr/bin/itstool:927: SyntaxWarning: invalid escape sequence '\s'
  if re.sub('\s+', '', prevtext) == '':
/usr/bin/itstool:1471: SyntaxWarning: invalid escape sequence '\.'
  _locale_pattern = re.compile('([a-zA-Z0-9-]+)(_[A-Za-z0-9]+)?(@[A-Za-z0-9]+)?(\.[A-Za-z0-9]+)?')
[31/112] Generating yelp doc help/es/help-kuro-es
/usr/bin/itstool:223: SyntaxWarning: invalid escape sequence '\s'
  if re.sub('\s+', ' ', text).strip() != '':
/usr/bin/itstool:321: SyntaxWarning: invalid escape sequence '\s'
  message = re.sub('\s+', ' ', message).strip()
/usr/bin/itstool:459: SyntaxWarning: invalid escape sequence '\s'
  return re.sub('\s+', ' ', self.locnote).strip()
/usr/bin/itstool:461: SyntaxWarning: invalid escape sequence '\s'
  return '(itstool) link: ' + re.sub('\s+', ' ', self.locnoteref).strip()
/usr/bin/itstool:892: SyntaxWarning: invalid escape sequence '\<'
  regex = re.compile('(.*) \<(.*)\>, (.*)')
/usr/bin/itstool:927: SyntaxWarning: invalid escape sequence '\s'
  if re.sub('\s+', '', prevtext) == '':
/usr/bin/itstool:1471: SyntaxWarning: invalid escape sequence '\.'
  _locale_pattern = re.compile('([a-zA-Z0-9-]+)(_[A-Za-z0-9]+)?(@[A-Za-z0-9]+)?(\.[A-Za-z0-9]+)?')
[32/112] Generating yelp doc help/eu/help-kuro-eu
/usr/bin/itstool:223: SyntaxWarning: invalid escape sequence '\s'
  if re.sub('\s+', ' ', text).strip() != '':
/usr/bin/itstool:321: SyntaxWarning: invalid escape sequence '\s'
  message = re.sub('\s+', ' ', message).strip()
/usr/bin/itstool:459: SyntaxWarning: invalid escape sequence '\s'
  return re.sub('\s+', ' ', self.locnote).strip()
/usr/bin/itstool:461: SyntaxWarning: invalid escape sequence '\s'
  return '(itstool) link: ' + re.sub('\s+', ' ', self.locnoteref).strip()
/usr/bin/itstool:892: SyntaxWarning: invalid escape sequence '\<'
  regex = re.compile('(.*) \<(.*)\>, (.*)')
/usr/bin/itstool:927: SyntaxWarning: invalid escape sequence '\s'
  if re.sub('\s+', '', prevtext) == '':
/usr/bin/itstool:1471: SyntaxWarning: invalid escape sequence '\.'
  _locale_pattern = re.compile('([a-zA-Z0-9-]+)(_[A-Za-z0-9]+)?(@[A-Za-z0-9]+)?(\.[A-Za-z0-9]+)?')
[33/112] Generating yelp doc help/pt_BR/help-kuro-pt_BR
/usr/bin/itstool:223: SyntaxWarning: invalid escape sequence '\s'
  if re.sub('\s+', ' ', text).strip() != '':
/usr/bin/itstool:321: SyntaxWarning: invalid escape sequence '\s'
  message = re.sub('\s+', ' ', message).strip()
/usr/bin/itstool:459: SyntaxWarning: invalid escape sequence '\s'
  return re.sub('\s+', ' ', self.locnote).strip()
/usr/bin/itstool:461: SyntaxWarning: invalid escape sequence '\s'
  return '(itstool) link: ' + re.sub('\s+', ' ', self.locnoteref).strip()
/usr/bin/itstool:892: SyntaxWarning: invalid escape sequence '\<'
  regex = re.compile('(.*) \<(.*)\>, (.*)')
/usr/bin/itstool:927: SyntaxWarning: invalid escape sequence '\s'
  if re.sub('\s+', '', prevtext) == '':
/usr/bin/itstool:1471: SyntaxWarning: invalid escape sequence '\.'
  _locale_pattern = re.compile('([a-zA-Z0-9-]+)(_[A-Za-z0-9]+)?(@[A-Za-z0-9]+)?(\.[A-Za-z0-9]+)?')
[34/112] Generating yelp doc help/da/help-kuro-da
/usr/bin/itstool:223: SyntaxWarning: invalid escape sequence '\s'
  if re.sub('\s+', ' ', text).strip() != '':
/usr/bin/itstool:321: SyntaxWarning: invalid escape sequence '\s'
  message = re.sub('\s+', ' ', message).strip()
/usr/bin/itstool:459: SyntaxWarning: invalid escape sequence '\s'
  return re.sub('\s+', ' ', self.locnote).strip()
/usr/bin/itstool:461: SyntaxWarning: invalid escape sequence '\s'
  return '(itstool) link: ' + re.sub('\s+', ' ', self.locnoteref).strip()
/usr/bin/itstool:892: SyntaxWarning: invalid escape sequence '\<'
  regex = re.compile('(.*) \<(.*)\>, (.*)')
/usr/bin/itstool:927: SyntaxWarning: invalid escape sequence '\s'
  if re.sub('\s+', '', prevtext) == '':
/usr/bin/itstool:1471: SyntaxWarning: invalid escape sequence '\.'
  _locale_pattern = re.compile('([a-zA-Z0-9-]+)(_[A-Za-z0-9]+)?(@[A-Za-z0-9]+)?(\.[A-Za-z0-9]+)?')
[35/112] Generating yelp doc help/fr/help-kuro-fr
/usr/bin/itstool:223: SyntaxWarning: invalid escape sequence '\s'
  if re.sub('\s+', ' ', text).strip() != '':
/usr/bin/itstool:321: SyntaxWarning: invalid escape sequence '\s'
  message = re.sub('\s+', ' ', message).strip()
/usr/bin/itstool:459: SyntaxWarning: invalid escape sequence '\s'
  return re.sub('\s+', ' ', self.locnote).strip()
/usr/bin/itstool:461: SyntaxWarning: invalid escape sequence '\s'
  return '(itstool) link: ' + re.sub('\s+', ' ', self.locnoteref).strip()
/usr/bin/itstool:892: SyntaxWarning: invalid escape sequence '\<'
  regex = re.compile('(.*) \<(.*)\>, (.*)')
/usr/bin/itstool:927: SyntaxWarning: invalid escape sequence '\s'
  if re.sub('\s+', '', prevtext) == '':
/usr/bin/itstool:1471: SyntaxWarning: invalid escape sequence '\.'
  _locale_pattern = re.compile('([a-zA-Z0-9-]+)(_[A-Za-z0-9]+)?(@[A-Za-z0-9]+)?(\.[A-Za-z0-9]+)?')
[36/112] Generating yelp doc help/el/help-kuro-el
/usr/bin/itstool:223: SyntaxWarning: invalid escape sequence '\s'
  if re.sub('\s+', ' ', text).strip() != '':
/usr/bin/itstool:321: SyntaxWarning: invalid escape sequence '\s'
  message = re.sub('\s+', ' ', message).strip()
/usr/bin/itstool:459: SyntaxWarning: invalid escape sequence '\s'
  return re.sub('\s+', ' ', self.locnote).strip()
/usr/bin/itstool:461: SyntaxWarning: invalid escape sequence '\s'
  return '(itstool) link: ' + re.sub('\s+', ' ', self.locnoteref).strip()
/usr/bin/itstool:892: SyntaxWarning: invalid escape sequence '\<'
  regex = re.compile('(.*) \<(.*)\>, (.*)')
/usr/bin/itstool:927: SyntaxWarning: invalid escape sequence '\s'
  if re.sub('\s+', '', prevtext) == '':
/usr/bin/itstool:1471: SyntaxWarning: invalid escape sequence '\.'
  _locale_pattern = re.compile('([a-zA-Z0-9-]+)(_[A-Za-z0-9]+)?(@[A-Za-z0-9]+)?(\.[A-Za-z0-9]+)?')
[37/112] Generating yelp doc help/de/help-kuro-de
/usr/bin/itstool:223: SyntaxWarning: invalid escape sequence '\s'
  if re.sub('\s+', ' ', text).strip() != '':
/usr/bin/itstool:321: SyntaxWarning: invalid escape sequence '\s'
  message = re.sub('\s+', ' ', message).strip()
/usr/bin/itstool:459: SyntaxWarning: invalid escape sequence '\s'
  return re.sub('\s+', ' ', self.locnote).strip()
/usr/bin/itstool:461: SyntaxWarning: invalid escape sequence '\s'
  return '(itstool) link: ' + re.sub('\s+', ' ', self.locnoteref).strip()
/usr/bin/itstool:892: SyntaxWarning: invalid escape sequence '\<'
  regex = re.compile('(.*) \<(.*)\>, (.*)')
/usr/bin/itstool:927: SyntaxWarning: invalid escape sequence '\s'
  if re.sub('\s+', '', prevtext) == '':
/usr/bin/itstool:1471: SyntaxWarning: invalid escape sequence '\.'
  _locale_pattern = re.compile('([a-zA-Z0-9-]+)(_[A-Za-z0-9]+)?(@[A-Za-z0-9]+)?(\.[A-Za-z0-9]+)?')
[38/112] Generating yelp doc help/ro/help-kuro-ro
/usr/bin/itstool:223: SyntaxWarning: invalid escape sequence '\s'
  if re.sub('\s+', ' ', text).strip() != '':
/usr/bin/itstool:321: SyntaxWarning: invalid escape sequence '\s'
  message = re.sub('\s+', ' ', message).strip()
/usr/bin/itstool:459: SyntaxWarning: invalid escape sequence '\s'
  return re.sub('\s+', ' ', self.locnote).strip()
/usr/bin/itstool:461: SyntaxWarning: invalid escape sequence '\s'
  return '(itstool) link: ' + re.sub('\s+', ' ', self.locnoteref).strip()
/usr/bin/itstool:892: SyntaxWarning: invalid escape sequence '\<'
  regex = re.compile('(.*) \<(.*)\>, (.*)')
/usr/bin/itstool:927: SyntaxWarning: invalid escape sequence '\s'
  if re.sub('\s+', '', prevtext) == '':
/usr/bin/itstool:1471: SyntaxWarning: invalid escape sequence '\.'
  _locale_pattern = re.compile('([a-zA-Z0-9-]+)(_[A-Za-z0-9]+)?(@[A-Za-z0-9]+)?(\.[A-Za-z0-9]+)?')
[39/112] Generating data/help_overlay_blp_ui with a custom command
[40/112] Generating yelp doc help/hu/help-kuro-hu
/usr/bin/itstool:223: SyntaxWarning: invalid escape sequence '\s'
  if re.sub('\s+', ' ', text).strip() != '':
/usr/bin/itstool:321: SyntaxWarning: invalid escape sequence '\s'
  message = re.sub('\s+', ' ', message).strip()
/usr/bin/itstool:459: SyntaxWarning: invalid escape sequence '\s'
  return re.sub('\s+', ' ', self.locnote).strip()
/usr/bin/itstool:461: SyntaxWarning: invalid escape sequence '\s'
  return '(itstool) link: ' + re.sub('\s+', ' ', self.locnoteref).strip()
/usr/bin/itstool:892: SyntaxWarning: invalid escape sequence '\<'
  regex = re.compile('(.*) \<(.*)\>, (.*)')
/usr/bin/itstool:927: SyntaxWarning: invalid escape sequence '\s'
  if re.sub('\s+', '', prevtext) == '':
/usr/bin/itstool:1471: SyntaxWarning: invalid escape sequence '\.'
  _locale_pattern = re.compile('([a-zA-Z0-9-]+)(_[A-Za-z0-9]+)?(@[A-Za-z0-9]+)?(\.[A-Za-z0-9]+)?')
[41/112] Generating data/kuro_blp_ui with a custom command
ninja: build stopped: subcommand failed.
Error: module kuro: Child process exited with code 1
